2025-09-17 01:12:26,460 - XMLGenerator - INFO - Logging initialized
2025-09-17 01:12:26,461 - TemplateEngine - INFO - Built-in templates loaded
2025-09-17 01:12:26,461 - TemplateEngine - INFO - Built-in templates loaded
2025-09-17 01:12:26,461 - FunctionGenerator - INFO - Initialized with 134 features
2025-09-17 01:12:26,461 - UIGenerator - INFO - UI Module Generator initialized
2025-09-17 01:12:26,461 - ActionGenerator - INFO - Action Module Generator initialized
2025-09-17 01:12:26,461 - XMLGenerator - INFO - XMLGenerator initialized with BAS version 29.3.1
2025-09-17 01:12:26,461 - XMLGenerator - INFO - Starting complete XML generation...
2025-09-17 01:12:26,461 - XMLGenerator - INFO - Generated settings section
2025-09-17 01:12:26,462 - XMLGenerator - INFO - Generated UI components
2025-09-17 01:12:26,462 - XMLGenerator - INFO - Generated 2 security macros
2025-09-17 01:12:26,462 - TemplateEngine - ERROR - Missing template variable: 'feature_id_Status'
2025-09-17 01:12:26,462 - TemplateEngine - ERROR - Missing template variable: 'feature_id_Status'
2025-09-17 01:12:26,462 - TemplateEngine - ERROR - Missing template variable: 'feature_id_Status'
2025-09-17 01:12:26,462 - TemplateEngine - ERROR - Missing template variable: 'feature_id_Status'
2025-09-17 01:12:26,462 - TemplateEngine - ERROR - Missing template variable: 'feature_id_Status'
2025-09-17 01:12:26,462 - TemplateEngine - ERROR - Missing template variable: 'feature_id_Status'
2025-09-17 01:12:26,462 - TemplateEngine - ERROR - Missing template variable: 'feature_id_Status'
2025-09-17 01:12:26,462 - TemplateEngine - ERROR - Missing template variable: 'feature_id_Status'
2025-09-17 01:12:26,463 - TemplateEngine - ERROR - Missing template variable: 'feature_id_Status'
2025-09-17 01:12:26,463 - TemplateEngine - ERROR - Missing template variable: 'feature_id_Status'
2025-09-17 01:12:26,463 - TemplateEngine - ERROR - Missing template variable: 'feature_id_Status'
2025-09-17 01:12:26,463 - TemplateEngine - ERROR - Missing template variable: 'feature_id_Status'
2025-09-17 01:12:26,463 - TemplateEngine - ERROR - Missing template variable: 'feature_id_Status'
2025-09-17 01:12:26,463 - TemplateEngine - ERROR - Missing template variable: 'feature_id_Status'
2025-09-17 01:12:26,463 - TemplateEngine - ERROR - Missing template variable: 'feature_id_Status'
2025-09-17 01:12:26,463 - TemplateEngine - ERROR - Missing template variable: 'feature_id_Status'
2025-09-17 01:12:26,463 - TemplateEngine - ERROR - Missing template variable: 'feature_id_Status'
2025-09-17 01:12:26,463 - TemplateEngine - ERROR - Missing template variable: 'feature_id_Status'
2025-09-17 01:12:26,463 - TemplateEngine - ERROR - Missing template variable: 'feature_id_Status'
2025-09-17 01:12:26,463 - TemplateEngine - ERROR - Missing template variable: 'feature_id_Status'
2025-09-17 01:12:26,463 - TemplateEngine - ERROR - Missing template variable: 'feature_id_Status'
2025-09-17 01:12:26,463 - TemplateEngine - ERROR - Missing template variable: 'feature_id_Status'
2025-09-17 01:12:26,463 - TemplateEngine - ERROR - Missing template variable: 'feature_id_Status'
2025-09-17 01:12:26,463 - TemplateEngine - ERROR - Missing template variable: 'feature_id_Status'
2025-09-17 01:12:26,463 - TemplateEngine - ERROR - Missing template variable: 'feature_id_Status'
2025-09-17 01:12:26,464 - TemplateEngine - ERROR - Missing template variable: 'feature_id_Status'
2025-09-17 01:12:26,464 - TemplateEngine - ERROR - Missing template variable: 'feature_id_Status'
2025-09-17 01:12:26,464 - TemplateEngine - ERROR - Missing template variable: 'feature_id_Status'
2025-09-17 01:12:26,464 - TemplateEngine - ERROR - Missing template variable: 'feature_id_Status'
2025-09-17 01:12:26,464 - TemplateEngine - ERROR - Missing template variable: 'feature_id_Status'
2025-09-17 01:12:26,464 - TemplateEngine - ERROR - Missing template variable: 'feature_id_Status'
2025-09-17 01:12:26,464 - TemplateEngine - ERROR - Missing template variable: 'feature_id_Status'
2025-09-17 01:12:26,464 - TemplateEngine - ERROR - Missing template variable: 'feature_id_Status'
2025-09-17 01:12:26,464 - TemplateEngine - ERROR - Missing template variable: 'feature_id_Status'
2025-09-17 01:12:26,464 - TemplateEngine - ERROR - Missing template variable: 'feature_id_Status'
2025-09-17 01:12:26,464 - TemplateEngine - ERROR - Missing template variable: 'feature_id_Status'
2025-09-17 01:12:26,464 - TemplateEngine - ERROR - Missing template variable: 'feature_id_Status'
2025-09-17 01:12:26,464 - TemplateEngine - ERROR - Missing template variable: 'feature_id_Status'
2025-09-17 01:12:26,464 - TemplateEngine - ERROR - Missing template variable: 'feature_id_Status'
2025-09-17 01:12:26,464 - TemplateEngine - ERROR - Missing template variable: 'feature_id_Status'
2025-09-17 01:12:26,464 - TemplateEngine - ERROR - Missing template variable: 'feature_id_Status'
2025-09-17 01:12:26,465 - TemplateEngine - ERROR - Missing template variable: 'feature_id_Status'
2025-09-17 01:12:26,465 - TemplateEngine - ERROR - Missing template variable: 'feature_id_Status'
2025-09-17 01:12:26,465 - TemplateEngine - ERROR - Missing template variable: 'feature_id_Status'
2025-09-17 01:12:26,465 - TemplateEngine - ERROR - Missing template variable: 'feature_id_Status'
2025-09-17 01:12:26,465 - TemplateEngine - ERROR - Missing template variable: 'feature_id_Status'
2025-09-17 01:12:26,465 - TemplateEngine - ERROR - Missing template variable: 'feature_id_Status'
2025-09-17 01:12:26,465 - TemplateEngine - ERROR - Missing template variable: 'feature_id_Status'
2025-09-17 01:12:26,465 - TemplateEngine - ERROR - Missing template variable: 'feature_id_Status'
2025-09-17 01:12:26,465 - TemplateEngine - ERROR - Missing template variable: 'feature_id_Status'
2025-09-17 01:12:26,465 - TemplateEngine - ERROR - Missing template variable: 'feature_id_Status'
2025-09-17 01:12:26,465 - TemplateEngine - ERROR - Missing template variable: 'feature_id_Status'
2025-09-17 01:12:26,465 - TemplateEngine - ERROR - Missing template variable: 'feature_id_Status'
2025-09-17 01:12:26,465 - TemplateEngine - ERROR - Missing template variable: 'feature_id_Status'
2025-09-17 01:12:26,465 - TemplateEngine - ERROR - Missing template variable: 'feature_id_Status'
2025-09-17 01:12:26,465 - TemplateEngine - ERROR - Missing template variable: 'feature_id_Status'
2025-09-17 01:12:26,465 - TemplateEngine - ERROR - Missing template variable: 'feature_id_Status'
2025-09-17 01:12:26,465 - TemplateEngine - ERROR - Missing template variable: 'feature_id_Status'
2025-09-17 01:12:26,466 - TemplateEngine - ERROR - Missing template variable: 'feature_id_Status'
2025-09-17 01:12:26,466 - TemplateEngine - ERROR - Missing template variable: 'feature_id_Status'
2025-09-17 01:12:26,466 - TemplateEngine - ERROR - Missing template variable: 'feature_id_Status'
2025-09-17 01:12:26,466 - TemplateEngine - ERROR - Missing template variable: 'feature_id_Status'
2025-09-17 01:12:26,466 - TemplateEngine - ERROR - Missing template variable: 'feature_id_Status'
2025-09-17 01:12:26,466 - TemplateEngine - ERROR - Missing template variable: 'feature_id_Status'
2025-09-17 01:12:26,466 - TemplateEngine - ERROR - Missing template variable: 'feature_id_Status'
2025-09-17 01:12:26,466 - TemplateEngine - ERROR - Missing template variable: 'feature_id_Status'
2025-09-17 01:12:26,466 - TemplateEngine - ERROR - Missing template variable: 'feature_id_Status'
2025-09-17 01:12:26,466 - TemplateEngine - ERROR - Missing template variable: 'feature_id_Status'
2025-09-17 01:12:26,466 - TemplateEngine - ERROR - Missing template variable: 'feature_id_Status'
2025-09-17 01:12:26,466 - TemplateEngine - ERROR - Missing template variable: 'feature_id_Status'
2025-09-17 01:12:26,466 - TemplateEngine - ERROR - Missing template variable: 'feature_id_Status'
2025-09-17 01:12:26,466 - TemplateEngine - ERROR - Missing template variable: 'feature_id_Status'
2025-09-17 01:12:26,466 - TemplateEngine - ERROR - Missing template variable: 'feature_id_Status'
2025-09-17 01:12:26,466 - TemplateEngine - ERROR - Missing template variable: 'feature_id_Status'
2025-09-17 01:12:26,467 - TemplateEngine - ERROR - Missing template variable: 'feature_id_Status'
2025-09-17 01:12:26,467 - TemplateEngine - ERROR - Missing template variable: 'feature_id_Status'
2025-09-17 01:12:26,467 - TemplateEngine - ERROR - Missing template variable: 'feature_id_Status'
2025-09-17 01:12:26,467 - TemplateEngine - ERROR - Missing template variable: 'feature_id_Status'
2025-09-17 01:12:26,467 - TemplateEngine - ERROR - Missing template variable: 'feature_id_Status'
2025-09-17 01:12:26,467 - TemplateEngine - ERROR - Missing template variable: 'feature_id_Status'
2025-09-17 01:12:26,467 - TemplateEngine - ERROR - Missing template variable: 'feature_id_Status'
2025-09-17 01:12:26,467 - TemplateEngine - ERROR - Missing template variable: 'feature_id_Status'
2025-09-17 01:12:26,467 - TemplateEngine - ERROR - Missing template variable: 'feature_id_Status'
2025-09-17 01:12:26,467 - TemplateEngine - ERROR - Missing template variable: 'feature_id_Status'
2025-09-17 01:12:26,467 - TemplateEngine - ERROR - Missing template variable: 'feature_id_Status'
2025-09-17 01:12:26,467 - TemplateEngine - ERROR - Missing template variable: 'feature_id_Status'
2025-09-17 01:12:26,467 - TemplateEngine - ERROR - Missing template variable: 'feature_id_Status'
2025-09-17 01:12:26,467 - TemplateEngine - ERROR - Missing template variable: 'feature_id_Status'
2025-09-17 01:12:26,467 - TemplateEngine - ERROR - Missing template variable: 'feature_id_Status'
2025-09-17 01:12:26,467 - TemplateEngine - ERROR - Missing template variable: 'feature_id_Status'
2025-09-17 01:12:26,467 - TemplateEngine - ERROR - Missing template variable: 'feature_id_Status'
2025-09-17 01:12:26,468 - TemplateEngine - ERROR - Missing template variable: 'feature_id_Status'
2025-09-17 01:12:26,468 - TemplateEngine - ERROR - Missing template variable: 'feature_id_Status'
2025-09-17 01:12:26,468 - TemplateEngine - ERROR - Missing template variable: 'feature_id_Status'
2025-09-17 01:12:26,468 - TemplateEngine - ERROR - Missing template variable: 'feature_id_Status'
2025-09-17 01:12:26,468 - TemplateEngine - ERROR - Missing template variable: 'feature_id_Status'
2025-09-17 01:12:26,468 - TemplateEngine - ERROR - Missing template variable: 'feature_id_Status'
2025-09-17 01:12:26,468 - TemplateEngine - ERROR - Missing template variable: 'feature_id_Status'
2025-09-17 01:12:26,468 - TemplateEngine - ERROR - Missing template variable: 'feature_id_Status'
2025-09-17 01:12:26,468 - TemplateEngine - ERROR - Missing template variable: 'feature_id_Status'
2025-09-17 01:12:26,468 - TemplateEngine - ERROR - Missing template variable: 'feature_id_Status'
2025-09-17 01:12:26,468 - TemplateEngine - ERROR - Missing template variable: 'feature_id_Status'
2025-09-17 01:12:26,468 - TemplateEngine - ERROR - Missing template variable: 'feature_id_Status'
2025-09-17 01:12:26,468 - TemplateEngine - ERROR - Missing template variable: 'feature_id_Status'
2025-09-17 01:12:26,468 - TemplateEngine - ERROR - Missing template variable: 'feature_id_Status'
2025-09-17 01:12:26,468 - TemplateEngine - ERROR - Missing template variable: 'feature_id_Status'
2025-09-17 01:12:26,468 - TemplateEngine - ERROR - Missing template variable: 'feature_id_Status'
2025-09-17 01:12:26,468 - TemplateEngine - ERROR - Missing template variable: 'feature_id_Status'
2025-09-17 01:12:26,469 - TemplateEngine - ERROR - Missing template variable: 'feature_id_Status'
2025-09-17 01:12:26,469 - TemplateEngine - ERROR - Missing template variable: 'feature_id_Status'
2025-09-17 01:12:26,469 - TemplateEngine - ERROR - Missing template variable: 'feature_id_Status'
2025-09-17 01:12:26,469 - TemplateEngine - ERROR - Missing template variable: 'feature_id_Status'
2025-09-17 01:12:26,469 - TemplateEngine - ERROR - Missing template variable: 'feature_id_Status'
2025-09-17 01:12:26,469 - TemplateEngine - ERROR - Missing template variable: 'feature_id_Status'
2025-09-17 01:12:26,469 - TemplateEngine - ERROR - Missing template variable: 'feature_id_Status'
2025-09-17 01:12:26,469 - TemplateEngine - ERROR - Missing template variable: 'feature_id_Status'
2025-09-17 01:12:26,469 - TemplateEngine - ERROR - Missing template variable: 'feature_id_Status'
2025-09-17 01:12:26,469 - TemplateEngine - ERROR - Missing template variable: 'feature_id_Status'
2025-09-17 01:12:26,469 - TemplateEngine - ERROR - Missing template variable: 'feature_id_Status'
2025-09-17 01:12:26,469 - TemplateEngine - ERROR - Missing template variable: 'feature_id_Status'
2025-09-17 01:12:26,469 - TemplateEngine - ERROR - Missing template variable: 'feature_id_Status'
2025-09-17 01:12:26,469 - TemplateEngine - ERROR - Missing template variable: 'feature_id_Status'
2025-09-17 01:12:26,469 - TemplateEngine - ERROR - Missing template variable: 'feature_id_Status'
2025-09-17 01:12:26,469 - TemplateEngine - ERROR - Missing template variable: 'feature_id_Status'
2025-09-17 01:12:26,469 - TemplateEngine - ERROR - Missing template variable: 'feature_id_Status'
2025-09-17 01:12:26,470 - TemplateEngine - ERROR - Missing template variable: 'feature_id_Status'
2025-09-17 01:12:26,470 - TemplateEngine - ERROR - Missing template variable: 'feature_id_Status'
2025-09-17 01:12:26,470 - TemplateEngine - ERROR - Missing template variable: 'feature_id_Status'
2025-09-17 01:12:26,470 - TemplateEngine - ERROR - Missing template variable: 'feature_id_Status'
2025-09-17 01:12:26,470 - TemplateEngine - ERROR - Missing template variable: 'feature_id_Status'
2025-09-17 01:12:26,470 - TemplateEngine - ERROR - Missing template variable: 'feature_id_Status'
2025-09-17 01:12:26,470 - TemplateEngine - ERROR - Missing template variable: 'feature_id_Status'
2025-09-17 01:12:26,470 - TemplateEngine - ERROR - Missing template variable: 'feature_id_Status'
2025-09-17 01:12:26,470 - TemplateEngine - ERROR - Missing template variable: 'feature_id_Status'
2025-09-17 01:12:26,470 - FunctionGenerator - INFO - Generated 134 function macros
2025-09-17 01:12:26,478 - XMLGenerator - INFO - Generated 134 function macros
2025-09-17 01:12:26,479 - ActionGenerator - INFO - Generated 10 action sequences
2025-09-17 01:12:26,479 - XMLGenerator - INFO - Generated 10 action sequences
2025-09-17 01:12:26,480 - XMLGenerator - INFO - Generated 2 integration modules
2025-09-17 01:12:26,480 - XMLGenerator - INFO - Generated 2 logging modules
2025-09-17 01:12:26,480 - XMLGenerator - INFO - Generated 2 validation modules
2025-09-17 01:12:26,480 - XMLGenerator - INFO - Added system macros
2025-09-17 01:12:26,491 - XMLGenerator - INFO - Expanding content by 0.74MB to reach target
2025-09-17 01:12:26,491 - XMLGenerator - INFO - Generated 0 expansion blocks...
2025-09-17 01:12:26,492 - XMLGenerator - INFO - Content expansion completed
2025-09-17 01:12:26,608 - XMLValidator - INFO - Validation completed: PASSED
2025-09-17 01:12:26,611 - XMLGenerator - INFO - Generation statistics saved to ./output/hdgrace_bas_complete_29_3_1_20250917_011226_stats.json
2025-09-17 01:12:26,611 - XMLGenerator - INFO - XML generation completed: ./output/hdgrace_bas_complete_29_3_1_20250917_011226.xml
